
Showing logs for build [32mcb-kubecd-environment-pr-102-86-lvtwl-1[0m stage [32mfrom-build-pack[0m and container [32mstep-credential-initializer-z6hvw[0m
{"level":"warn","ts":1576616614.8858678,"logger":"fallback-logger","caller":"logging/config.go:69","msg":"Fetch GitHub commit ID from kodata failed: \"ref: refs/heads/master\" is not a valid GitHub commit ID"}
{"level":"info","ts":1576616614.8876047,"logger":"fallback-logger","caller":"creds-init/main.go:40","msg":"Credentials initialized."}

Showing logs for build [32mcb-kubecd-environment-pr-102-86-lvtwl-1[0m stage [32mfrom-build-pack[0m and container [32mstep-working-dir-initializer-sjzfv[0m
{"level":"warn","ts":1576616615.856728,"logger":"fallback-logger","caller":"logging/config.go:69","msg":"Fetch GitHub commit ID from kodata failed: open /var/run/ko/HEAD: no such file or directory"}
{"level":"info","ts":1576616615.8589873,"logger":"fallback-logger","caller":"bash/main.go:65","msg":"Successfully executed command \"mkdir -p /workspace/source\""}

Showing logs for build [32mcb-kubecd-environment-pr-102-86-lvtwl-1[0m stage [32mfrom-build-pack[0m and container [32mstep-place-tools[0m

Showing logs for build [32mcb-kubecd-environment-pr-102-86-lvtwl-1[0m stage [32mfrom-build-pack[0m and container [32mstep-git-source-cb-kubecd-environment-pr-102-86-v72p4[0m
{"level":"warn","ts":1576616622.0490315,"logger":"fallback-logger","caller":"logging/config.go:69","msg":"Fetch GitHub commit ID from kodata failed: \"ref: refs/heads/master\" is not a valid GitHub commit ID"}
{"level":"info","ts":1576616623.2243502,"logger":"fallback-logger","caller":"git/git.go:102","msg":"Successfully cloned https://github.com/cb-kubecd/environment-pr-102-86-boot-gke-**ui-staging.git @ master in path /workspace/source"}

Showing logs for build [32mcb-kubecd-environment-pr-102-86-lvtwl-1[0m stage [32mfrom-build-pack[0m and container [32mstep-git-merge[0m
Using SHAs from PULL_REFS=master:3cd3c5a7d96314ddf212efc1e5cb2b76c7bc5c92,1:7d16e0662457741e2cb8fe934800a6755a2f546b
DEBUG: ran git fetch --unshallow origin 7d16e0662457741e2cb8fe934800a6755a2f546b: 3cd3c5a7d96314ddf212efc1e5cb2b76c7bc5c92: in 
DEBUG: ran git checkout master in 
DEBUG: ran git reset --hard 3cd3c5a7d96314ddf212efc1e5cb2b76c7bc5c92 in 
DEBUG: ran clean --force -d . in 
DEBUG: ran git merge 7d16e0662457741e2cb8fe934800a6755a2f546b in 
Merged SHA 7d16e0662457741e2cb8fe934800a6755a2f546b with commit message 'chore: Promote bdd-nh-1576615770 to version 0.0.1' into base branch master

Showing logs for build [32mcb-kubecd-environment-pr-102-86-lvtwl-1[0m stage [32mfrom-build-pack[0m and container [32mstep-build-helm-build[0m
WARNING: No $CHART_REPOSITORY defined so using the default value of: http://jenkins-x-chartmuseum:8080
Adding missing Helm repo: storage.googleapis.com https://storage.googleapis.com/chartmuseum.jenkins-x.io
Read credentials for https://storage.googleapis.com/chartmuseum.jenkins-x.io from vault helm/repos
Successfully added Helm repository storage.googleapis.com.
Adding missing Helm repo: jenkins-x-chartmuseum http://jenkins-x-chartmuseum:8080
Read credentials for http://jenkins-x-chartmuseum:8080 from vault helm/repos
Successfully added Helm repository jenkins-x-chartmuseum.
WARNING: No $CHART_REPOSITORY defined so using the default value of: http://jenkins-x-chartmuseum:8080
Adding missing Helm repo: chartmuseum.jenkins-x.io http://chartmuseum.jenkins-x.io
Read credentials for http://chartmuseum.jenkins-x.io from vault helm/repos
Successfully added Helm repository chartmuseum.jenkins-x.io.
